 * Serving Flask app 'server'
 * Debug mode: on
INFO:werkzeug:[31m[1mWARNING: This is a development server. Do not use it in a production deployment. Use a production WSGI server instead.[0m
 * Running on http://127.0.0.1:4242
INFO:werkzeug:[33mPress CTRL+C to quit[0m
INFO:werkzeug: * Restarting with stat
WARNING:werkzeug: * Debugger is active!
INFO:werkzeug: * Debugger PIN: 145-882-596
Traceback (most recent call last):
  File "/Users/carlg/Documents/PROJECTS/Project-dev/DTD/webhook/server.py", line 75, in <module>
    app.run(port=int(os.getenv('PORT', 4242)), debug=True)
    ~~~~~~~^^^^^^^^^^^^^^^^^^^^^^^^^^^^^^^^^^^^^^^^^^^^^^^
  File "/Users/carlg/Documents/PROJECTS/Project-dev/DTD/.venv/lib/python3.13/site-packages/flask/app.py", line 662, in run
    run_simple(t.cast(str, host), port, self, **options)
    ~~~~~~~~~~^^^^^^^^^^^^^^^^^^^^^^^^^^^^^^^^^^^^^^^^^^
  File "/Users/carlg/Documents/PROJECTS/Project-dev/DTD/.venv/lib/python3.13/site-packages/werkzeug/serving.py", line 1115, in run_simple
    run_with_reloader(
    ~~~~~~~~~~~~~~~~~^
        srv.serve_forever,
        ^^^^^^^^^^^^^^^^^^
    ...<3 lines>...
        reloader_type=reloader_type,
        ^^^^^^^^^^^^^^^^^^^^^^^^^^^^
    )
    ^
  File "/Users/carlg/Documents/PROJECTS/Project-dev/DTD/.venv/lib/python3.13/site-packages/werkzeug/_reloader.py", line 459, in run_with_reloader
    ensure_echo_on()
    ~~~~~~~~~~~~~~^^
  File "/Users/carlg/Documents/PROJECTS/Project-dev/DTD/.venv/lib/python3.13/site-packages/werkzeug/_reloader.py", line 439, in ensure_echo_on
    termios.tcsetattr(sys.stdin, termios.TCSANOW, attributes)
    ~~~~~~~~~~~~~~~~~^^^^^^^^^^^^^^^^^^^^^^^^^^^^^^^^^^^^^^^^
termios.error: (4, 'Interrupted system call')
